<?xml version="1.0" encoding="UTF-8"?>
<!-- Generated by org.testng.reporters.JUnitReportReporter -->
<testsuite hostname="Vietnam-4643" failures="0" tests="1" name="com.example.demo.EditTimesheetSuccessTest" time="24.508" errors="0" timestamp="2023-06-12T17:40:53 ICT" skipped="0">
  <testcase classname="com.example.demo.EditTimesheetSuccessTest" name="editTimesheetSuccessTest" time="24.508"/>
  <system-out/>
</testsuite> <!-- com.example.demo.EditTimesheetSuccessTest -->
