<?xml version="1.0" encoding="UTF-8"?>
<!-- Generated by org.testng.reporters.JUnitReportReporter -->
<testsuite hostname="Vietnam-4643" failures="0" tests="3" name="testSuite.Suite1" time="6.034" errors="0" timestamp="2023-06-07T16:51:25 ICT" skipped="0">
  <testcase classname="testSuite.Suite1" name="verifyAccount" time="0.865"/>
  <system-out/>
  <testcase classname="testSuite.Suite1" name="loginTest" time="3.479"/>
  <system-out/>
  <testcase classname="testSuite.Suite1" name="navigateAdminpage" time="1.690"/>
  <system-out/>
</testsuite> <!-- testSuite.Suite1 -->
