<?xml version="1.0" encoding="UTF-8"?>
<!-- Generated by org.testng.reporters.JUnitReportReporter -->
<testsuite hostname="Vietnam-4643" failures="0" tests="3" name="testSuite.Suite1" time="4.992" errors="0" timestamp="2023-06-09T13:19:40 ICT" skipped="0">
  <testcase classname="testSuite.Suite1" name="navigateAdminpage" time="1.389"/>
  <system-out/>
  <testcase classname="testSuite.Suite1" name="loginTest" time="3.097"/>
  <system-out/>
  <testcase classname="testSuite.Suite1" name="verifyAccount" time="0.506"/>
  <system-out/>
</testsuite> <!-- testSuite.Suite1 -->
