<?xml version="1.0" encoding="UTF-8"?>
<!-- Generated by org.testng.reporters.JUnitReportReporter -->
<testsuite hostname="Vietnam-4643" failures="0" tests="1" name="com.example.demo.PunchINOUTTest" time="24.319" errors="0" timestamp="2023-06-12T17:40:53 ICT" skipped="0">
  <testcase classname="com.example.demo.PunchINOUTTest" name="punchInOutTest" time="24.319"/>
  <system-out/>
</testsuite> <!-- com.example.demo.PunchINOUTTest -->
