<?xml version="1.0" encoding="UTF-8"?>
<!-- Generated by org.testng.reporters.JUnitReportReporter -->
<testsuite hostname="Vietnam-4643" failures="0" tests="1" name="com.example.demo.VerifyAccountTest" time="0.048" errors="0" timestamp="2023-06-12T17:40:53 ICT" skipped="0">
  <testcase classname="com.example.demo.VerifyAccountTest" name="verifyAccount" time="0.048"/>
  <system-out/>
</testsuite> <!-- com.example.demo.VerifyAccountTest -->
