<?xml version="1.0" encoding="UTF-8"?>
<!-- Generated by org.testng.reporters.JUnitReportReporter -->
<testsuite hostname="Vietnam-4643" failures="0" tests="2" name="testSuite.Suite2" time="47.306" errors="0" timestamp="2023-06-07T16:51:25 ICT" skipped="0">
  <testcase classname="testSuite.Suite2" name="punchInOutTest" time="23.472"/>
  <system-out/>
  <testcase classname="testSuite.Suite2" name="editTimesheetSuccessTest" time="23.834"/>
  <system-out/>
</testsuite> <!-- testSuite.Suite2 -->
