<?xml version="1.0" encoding="UTF-8"?>
<!-- Generated by org.testng.reporters.JUnitReportReporter -->
<testsuite hostname="Vietnam-4643" failures="0" tests="1" name="com.example.demo.NavigateAdminpageTest" time="1.624" errors="0" timestamp="2023-06-12T17:40:53 ICT" skipped="0">
  <testcase classname="com.example.demo.NavigateAdminpageTest" name="navigateAdminpage" time="1.624"/>
  <system-out/>
</testsuite> <!-- com.example.demo.NavigateAdminpageTest -->
